c:\users\space neet\documents\juce proj\mysynth\builds\visualstudio2019\x64\debug\shared code\mysynth_sharedcode.pdb
c:\users\space neet\documents\juce proj\mysynth\builds\visualstudio2019\x64\debug\shared code\stb_vorbis.obj
c:\users\space neet\documents\juce proj\mysynth\builds\visualstudio2019\x64\debug\shared code\maxigrains.obj
c:\users\space neet\documents\juce proj\mysynth\builds\visualstudio2019\x64\debug\shared code\include_juce_core.obj
c:\users\space neet\documents\juce proj\mysynth\builds\visualstudio2019\x64\debug\shared code\maximfcc.obj
c:\users\space neet\documents\juce proj\mysynth\builds\visualstudio2019\x64\debug\shared code\include_juce_audio_plugin_client_utils.obj
c:\users\space neet\documents\juce proj\mysynth\builds\visualstudio2019\x64\debug\shared code\plugineditor.obj
c:\users\space neet\documents\juce proj\mysynth\builds\visualstudio2019\x64\debug\shared code\maxiatoms.obj
c:\users\space neet\documents\juce proj\mysynth\builds\visualstudio2019\x64\debug\shared code\include_juce_data_structures.obj
c:\users\space neet\documents\juce proj\mysynth\builds\visualstudio2019\x64\debug\shared code\include_juce_gui_extra.obj
c:\users\space neet\documents\juce proj\mysynth\builds\visualstudio2019\x64\debug\shared code\main.obj
c:\users\space neet\documents\juce proj\mysynth\builds\visualstudio2019\x64\debug\shared code\include_juce_audio_processors.obj
c:\users\space neet\documents\juce proj\mysynth\builds\visualstudio2019\x64\debug\shared code\fft.obj
c:\users\space neet\documents\juce proj\mysynth\builds\visualstudio2019\x64\debug\shared code\include_juce_audio_devices.obj
c:\users\space neet\documents\juce proj\mysynth\builds\visualstudio2019\x64\debug\shared code\maxibark.obj
c:\users\space neet\documents\juce proj\mysynth\builds\visualstudio2019\x64\debug\shared code\include_juce_audio_formats.obj
c:\users\space neet\documents\juce proj\mysynth\builds\visualstudio2019\x64\debug\shared code\pluginprocessor.obj
c:\users\space neet\documents\juce proj\mysynth\builds\visualstudio2019\x64\debug\shared code\include_juce_opengl.obj
c:\users\space neet\documents\juce proj\mysynth\builds\visualstudio2019\x64\debug\shared code\include_juce_audio_basics.obj
c:\users\space neet\documents\juce proj\mysynth\builds\visualstudio2019\x64\debug\shared code\include_juce_events.obj
c:\users\space neet\documents\juce proj\mysynth\builds\visualstudio2019\x64\debug\shared code\maxifft.obj
c:\users\space neet\documents\juce proj\mysynth\builds\visualstudio2019\x64\debug\shared code\include_juce_audio_utils.obj
c:\users\space neet\documents\juce proj\mysynth\builds\visualstudio2019\x64\debug\shared code\maximilian.obj
c:\users\space neet\documents\juce proj\mysynth\builds\visualstudio2019\x64\debug\shared code\include_juce_cryptography.obj
c:\users\space neet\documents\juce proj\mysynth\builds\visualstudio2019\x64\debug\shared code\include_juce_graphics.obj
c:\users\space neet\documents\juce proj\mysynth\builds\visualstudio2019\x64\debug\shared code\simpleoscillator.obj
c:\users\space neet\documents\juce proj\mysynth\builds\visualstudio2019\x64\debug\shared code\include_juce_gui_basics.obj
c:\users\space neet\documents\juce proj\mysynth\builds\visualstudio2019\x64\debug\shared code\mysynth.lib
c:\users\space neet\documents\juce proj\mysynth\builds\visualstudio2019\x64\debug\shared code\mysynth_.13c88145.tlog\cl.command.1.tlog
c:\users\space neet\documents\juce proj\mysynth\builds\visualstudio2019\x64\debug\shared code\mysynth_.13c88145.tlog\cl.read.1.tlog
c:\users\space neet\documents\juce proj\mysynth\builds\visualstudio2019\x64\debug\shared code\mysynth_.13c88145.tlog\cl.write.1.tlog
c:\users\space neet\documents\juce proj\mysynth\builds\visualstudio2019\x64\debug\shared code\mysynth_.13c88145.tlog\lib-link.read.1.tlog
c:\users\space neet\documents\juce proj\mysynth\builds\visualstudio2019\x64\debug\shared code\mysynth_.13c88145.tlog\lib-link.write.1.tlog
c:\users\space neet\documents\juce proj\mysynth\builds\visualstudio2019\x64\debug\shared code\mysynth_.13c88145.tlog\lib.command.1.tlog
